app/build/intermediates/manifest_merge_blame_file/debug/manifest-merger-blame-debug-report.txt
1<?xml version="1.0" encoding="utf-8"?>
2<manifest xmlns:android="http://schemas.android.com/apk/res/android"
3    package="com.example.mebel"
4    android:versionCode="1"
5    android:versionName="1.0" >
6
7    <uses-sdk
8        android:minSdkVersion="24"
9        android:targetSdkVersion="34" />
10
11    <permission
11-->[androidx.core:core:1.13.0] AndroidManifest.xml:22:5-24:47
12        android:name="com.example.mebel.DYNAMIC_RECEIVER_NOT_EXPORTED_PERMISSION"
12-->[androidx.core:core:1.13.0] AndroidManifest.xml:23:9-81
13        android:protectionLevel="signature" />
13-->[androidx.core:core:1.13.0] AndroidManifest.xml:24:9-44
14
15    <uses-permission android:name="com.example.mebel.DYNAMIC_RECEIVER_NOT_EXPORTED_PERMISSION" />
15-->[androidx.core:core:1.13.0] AndroidManifest.xml:26:5-97
15-->[androidx.core:core:1.13.0] AndroidManifest.xml:26:22-94
16    <uses-permission android:name="android.permission.REORDER_TASKS" />
16-->[androidx.test:core:1.5.0] AndroidManifest.xml:24:5-72
16-->[androidx.test:core:1.5.0] AndroidManifest.xml:24:22-69
17
18    <queries>
18-->[androidx.test:runner:1.5.2] AndroidManifest.xml:24:5-28:15
19        <package android:name="androidx.test.orchestrator" />
19-->[androidx.test:runner:1.5.2] AndroidManifest.xml:25:9-62
19-->[androidx.test:runner:1.5.2] AndroidManifest.xml:25:18-59
20        <package android:name="androidx.test.services" />
20-->[androidx.test:runner:1.5.2] AndroidManifest.xml:26:9-58
20-->[androidx.test:runner:1.5.2] AndroidManifest.xml:26:18-55
21        <package android:name="com.google.android.apps.common.testing.services" />
21-->[androidx.test:runner:1.5.2] AndroidManifest.xml:27:9-83
21-->[androidx.test:runner:1.5.2] AndroidManifest.xml:27:18-80
22    </queries>
23
24    <application
24-->src\main\AndroidManifest.xml:5:5-45:19
25        android:allowBackup="true"
25-->src\main\AndroidManifest.xml:6:9-35
26        android:appComponentFactory="androidx.core.app.CoreComponentFactory"
26-->[androidx.core:core:1.13.0] AndroidManifest.xml:28:18-86
27        android:dataExtractionRules="@xml/data_extraction_rules"
27-->src\main\AndroidManifest.xml:7:9-65
28        android:debuggable="true"
29        android:extractNativeLibs="false"
30        android:fullBackupContent="@xml/backup_rules"
30-->src\main\AndroidManifest.xml:8:9-54
31        android:icon="@android:drawable/ic_menu_myplaces"
31-->src\main\AndroidManifest.xml:9:9-58
32        android:label="@string/app_name"
32-->src\main\AndroidManifest.xml:10:9-41
33        android:roundIcon="@mipmap/ic_launcher_round"
33-->src\main\AndroidManifest.xml:11:9-54
34        android:supportsRtl="true"
34-->src\main\AndroidManifest.xml:12:9-35
35        android:testOnly="true"
36        android:theme="@style/Theme.Mebel" >
36-->src\main\AndroidManifest.xml:13:9-43
37        <activity
37-->src\main\AndroidManifest.xml:15:9-17:40
38            android:name="com.example.mebel.ItemDetailsActivity"
38-->src\main\AndroidManifest.xml:16:13-48
39            android:exported="false" />
39-->src\main\AndroidManifest.xml:17:13-37
40        <activity
40-->src\main\AndroidManifest.xml:18:9-20:40
41            android:name="com.example.mebel.SupplierDetailsActivity"
41-->src\main\AndroidManifest.xml:19:13-52
42            android:exported="false" />
42-->src\main\AndroidManifest.xml:20:13-37
43        <activity
43-->src\main\AndroidManifest.xml:21:9-23:40
44            android:name="com.example.mebel.ClientOrderActivity"
44-->src\main\AndroidManifest.xml:22:13-48
45            android:exported="false" />
45-->src\main\AndroidManifest.xml:23:13-37
46        <activity
46-->src\main\AndroidManifest.xml:24:9-26:40
47            android:name="com.example.mebel.SupplierMainActivity"
47-->src\main\AndroidManifest.xml:25:13-49
48            android:exported="false" />
48-->src\main\AndroidManifest.xml:26:13-37
49        <activity
49-->src\main\AndroidManifest.xml:27:9-29:40
50            android:name="com.example.mebel.ClientMainActivity"
50-->src\main\AndroidManifest.xml:28:13-47
51            android:exported="false" />
51-->src\main\AndroidManifest.xml:29:13-37
52        <activity
52-->src\main\AndroidManifest.xml:30:9-32:40
53            android:name="com.example.mebel.WorkerMainActivity"
53-->src\main\AndroidManifest.xml:31:13-47
54            android:exported="false" />
54-->src\main\AndroidManifest.xml:32:13-37
55        <activity
55-->src\main\AndroidManifest.xml:33:9-35:40
56            android:name="com.example.mebel.RegistrationActivity"
56-->src\main\AndroidManifest.xml:34:13-49
57            android:exported="false" />
57-->src\main\AndroidManifest.xml:35:13-37
58        <activity
58-->src\main\AndroidManifest.xml:36:9-44:20
59            android:name="com.example.mebel.MainActivity"
59-->src\main\AndroidManifest.xml:37:13-41
60            android:exported="true" >
60-->src\main\AndroidManifest.xml:38:13-36
61            <intent-filter>
61-->src\main\AndroidManifest.xml:39:13-43:29
62                <action android:name="android.intent.action.MAIN" />
62-->src\main\AndroidManifest.xml:40:17-69
62-->src\main\AndroidManifest.xml:40:25-66
63
64                <category android:name="android.intent.category.LAUNCHER" />
64-->src\main\AndroidManifest.xml:42:17-77
64-->src\main\AndroidManifest.xml:42:27-74
65            </intent-filter>
66        </activity>
67
68        <service
68-->[androidx.room:room-runtime:2.6.1] AndroidManifest.xml:24:9-28:63
69            android:name="androidx.room.MultiInstanceInvalidationService"
69-->[androidx.room:room-runtime:2.6.1] AndroidManifest.xml:25:13-74
70            android:directBootAware="true"
70-->[androidx.room:room-runtime:2.6.1] AndroidManifest.xml:26:13-43
71            android:exported="false" />
71-->[androidx.room:room-runtime:2.6.1] AndroidManifest.xml:27:13-37
72
73        <activity
73-->[androidx.compose.ui:ui-tooling-android:1.5.0] AndroidManifest.xml:23:9-25:39
74            android:name="androidx.compose.ui.tooling.PreviewActivity"
74-->[androidx.compose.ui:ui-tooling-android:1.5.0] AndroidManifest.xml:24:13-71
75            android:exported="true" />
75-->[androidx.compose.ui:ui-tooling-android:1.5.0] AndroidManifest.xml:25:13-36
76        <activity
76-->[androidx.compose.ui:ui-test-manifest:1.5.0] AndroidManifest.xml:23:9-25:39
77            android:name="androidx.activity.ComponentActivity"
77-->[androidx.compose.ui:ui-test-manifest:1.5.0] AndroidManifest.xml:24:13-63
78            android:exported="true" />
78-->[androidx.compose.ui:ui-test-manifest:1.5.0] AndroidManifest.xml:25:13-36
79
80        <uses-library
80-->[androidx.window:window:1.0.0] AndroidManifest.xml:25:9-27:40
81            android:name="androidx.window.extensions"
81-->[androidx.window:window:1.0.0] AndroidManifest.xml:26:13-54
82            android:required="false" />
82-->[androidx.window:window:1.0.0] AndroidManifest.xml:27:13-37
83        <uses-library
83-->[androidx.window:window:1.0.0] AndroidManifest.xml:28:9-30:40
84            android:name="androidx.window.sidecar"
84-->[androidx.window:window:1.0.0] AndroidManifest.xml:29:13-51
85            android:required="false" />
85-->[androidx.window:window:1.0.0] AndroidManifest.xml:30:13-37
86
87        <provider
87-->[androidx.emoji2:emoji2:1.4.0] AndroidManifest.xml:24:9-32:20
88            android:name="androidx.startup.InitializationProvider"
88-->[androidx.emoji2:emoji2:1.4.0] AndroidManifest.xml:25:13-67
89            android:authorities="com.example.mebel.androidx-startup"
89-->[androidx.emoji2:emoji2:1.4.0] AndroidManifest.xml:26:13-68
90            android:exported="false" >
90-->[androidx.emoji2:emoji2:1.4.0] AndroidManifest.xml:27:13-37
91            <meta-data
91-->[androidx.emoji2:emoji2:1.4.0] AndroidManifest.xml:29:13-31:52
92                android:name="androidx.emoji2.text.EmojiCompatInitializer"
92-->[androidx.emoji2:emoji2:1.4.0] AndroidManifest.xml:30:17-75
93                android:value="androidx.startup" />
93-->[androidx.emoji2:emoji2:1.4.0] AndroidManifest.xml:31:17-49
94            <meta-data
94-->[androidx.lifecycle:lifecycle-process:2.8.7] AndroidManifest.xml:29:13-31:52
95                android:name="androidx.lifecycle.ProcessLifecycleInitializer"
95-->[androidx.lifecycle:lifecycle-process:2.8.7] AndroidManifest.xml:30:17-78
96                android:value="androidx.startup" />
96-->[androidx.lifecycle:lifecycle-process:2.8.7] AndroidManifest.xml:31:17-49
97            <meta-data
97-->[androidx.profileinstaller:profileinstaller:1.4.0] AndroidManifest.xml:29:13-31:52
98                android:name="androidx.profileinstaller.ProfileInstallerInitializer"
98-->[androidx.profileinstaller:profileinstaller:1.4.0] AndroidManifest.xml:30:17-85
99                android:value="androidx.startup" />
99-->[androidx.profileinstaller:profileinstaller:1.4.0] AndroidManifest.xml:31:17-49
100        </provider>
101
102        <activity
102-->[androidx.test:core:1.5.0] AndroidManifest.xml:27:9-34:20
103            android:name="androidx.test.core.app.InstrumentationActivityInvoker$BootstrapActivity"
103-->[androidx.test:core:1.5.0] AndroidManifest.xml:28:13-99
104            android:exported="true"
104-->[androidx.test:core:1.5.0] AndroidManifest.xml:29:13-36
105            android:theme="@style/WhiteBackgroundTheme" >
105-->[androidx.test:core:1.5.0] AndroidManifest.xml:30:13-56
106            <intent-filter android:priority="-100" >
106-->[androidx.test:core:1.5.0] AndroidManifest.xml:31:13-33:29
106-->[androidx.test:core:1.5.0] AndroidManifest.xml:31:28-51
107                <category android:name="android.intent.category.LAUNCHER" />
107-->src\main\AndroidManifest.xml:42:17-77
107-->src\main\AndroidManifest.xml:42:27-74
108            </intent-filter>
109        </activity>
110        <activity
110-->[androidx.test:core:1.5.0] AndroidManifest.xml:35:9-42:20
111            android:name="androidx.test.core.app.InstrumentationActivityInvoker$EmptyActivity"
111-->[androidx.test:core:1.5.0] AndroidManifest.xml:36:13-95
112            android:exported="true"
112-->[androidx.test:core:1.5.0] AndroidManifest.xml:37:13-36
113            android:theme="@style/WhiteBackgroundTheme" >
113-->[androidx.test:core:1.5.0] AndroidManifest.xml:38:13-56
114            <intent-filter android:priority="-100" >
114-->[androidx.test:core:1.5.0] AndroidManifest.xml:31:13-33:29
114-->[androidx.test:core:1.5.0] AndroidManifest.xml:31:28-51
115                <category android:name="android.intent.category.LAUNCHER" />
115-->src\main\AndroidManifest.xml:42:17-77
115-->src\main\AndroidManifest.xml:42:27-74
116            </intent-filter>
117        </activity>
118        <activity
118-->[androidx.test:core:1.5.0] AndroidManifest.xml:43:9-50:20
119            android:name="androidx.test.core.app.InstrumentationActivityInvoker$EmptyFloatingActivity"
119-->[androidx.test:core:1.5.0] AndroidManifest.xml:44:13-103
120            android:exported="true"
120-->[androidx.test:core:1.5.0] AndroidManifest.xml:45:13-36
121            android:theme="@style/WhiteBackgroundDialogTheme" >
121-->[androidx.test:core:1.5.0] AndroidManifest.xml:46:13-62
122            <intent-filter android:priority="-100" >
122-->[androidx.test:core:1.5.0] AndroidManifest.xml:31:13-33:29
122-->[androidx.test:core:1.5.0] AndroidManifest.xml:31:28-51
123                <category android:name="android.intent.category.LAUNCHER" />
123-->src\main\AndroidManifest.xml:42:17-77
123-->src\main\AndroidManifest.xml:42:27-74
124            </intent-filter>
125        </activity>
126
127        <provider
127-->[com.squareup.picasso:picasso:2.8] AndroidManifest.xml:8:9-11:40
128            android:name="com.squareup.picasso.PicassoProvider"
128-->[com.squareup.picasso:picasso:2.8] AndroidManifest.xml:9:13-64
129            android:authorities="com.example.mebel.com.squareup.picasso"
129-->[com.squareup.picasso:picasso:2.8] AndroidManifest.xml:10:13-72
130            android:exported="false" />
130-->[com.squareup.picasso:picasso:2.8] AndroidManifest.xml:11:13-37
131
132        <receiver
132-->[androidx.profileinstaller:profileinstaller:1.4.0] AndroidManifest.xml:34:9-52:20
133            android:name="androidx.profileinstaller.ProfileInstallReceiver"
133-->[androidx.profileinstaller:profileinstaller:1.4.0] AndroidManifest.xml:35:13-76
134            android:directBootAware="false"
134-->[androidx.profileinstaller:profileinstaller:1.4.0] AndroidManifest.xml:36:13-44
135            android:enabled="true"
135-->[androidx.profileinstaller:profileinstaller:1.4.0] AndroidManifest.xml:37:13-35
136            android:exported="true"
136-->[androidx.profileinstaller:profileinstaller:1.4.0] AndroidManifest.xml:38:13-36
137            android:permission="android.permission.DUMP" >
137-->[androidx.profileinstaller:profileinstaller:1.4.0] AndroidManifest.xml:39:13-57
138            <intent-filter>
138-->[androidx.profileinstaller:profileinstaller:1.4.0] AndroidManifest.xml:40:13-42:29
139                <action android:name="androidx.profileinstaller.action.INSTALL_PROFILE" />
139-->[androidx.profileinstaller:profileinstaller:1.4.0] AndroidManifest.xml:41:17-91
139-->[androidx.profileinstaller:profileinstaller:1.4.0] AndroidManifest.xml:41:25-88
140            </intent-filter>
141            <intent-filter>
141-->[androidx.profileinstaller:profileinstaller:1.4.0] AndroidManifest.xml:43:13-45:29
142                <action android:name="androidx.profileinstaller.action.SKIP_FILE" />
142-->[androidx.profileinstaller:profileinstaller:1.4.0] AndroidManifest.xml:44:17-85
142-->[androidx.profileinstaller:profileinstaller:1.4.0] AndroidManifest.xml:44:25-82
143            </intent-filter>
144            <intent-filter>
144-->[androidx.profileinstaller:profileinstaller:1.4.0] AndroidManifest.xml:46:13-48:29
145                <action android:name="androidx.profileinstaller.action.SAVE_PROFILE" />
145-->[androidx.profileinstaller:profileinstaller:1.4.0] AndroidManifest.xml:47:17-88
145-->[androidx.profileinstaller:profileinstaller:1.4.0] AndroidManifest.xml:47:25-85
146            </intent-filter>
147            <intent-filter>
147-->[androidx.profileinstaller:profileinstaller:1.4.0] AndroidManifest.xml:49:13-51:29
148                <action android:name="androidx.profileinstaller.action.BENCHMARK_OPERATION" />
148-->[androidx.profileinstaller:profileinstaller:1.4.0] AndroidManifest.xml:50:17-95
148-->[androidx.profileinstaller:profileinstaller:1.4.0] AndroidManifest.xml:50:25-92
149            </intent-filter>
150        </receiver>
151    </application>
152
153</manifest>